2025-06-10 19:56:10,515 - src.app_final_vue - INFO - Starting application creation
2025-06-10 19:56:10,521 - src.app_final_vue - INFO - Registered API blueprint
2025-06-10 19:56:10,521 - src.app_final_vue - INFO - Application initialized in development mode
2025-06-10 19:56:10,521 - src.app_final_vue - INFO - Configuring CORS with origins: ['http://localhost:5173', 'http://127.0.0.1:5173', 'https://wolf.law.uw.edu']
2025-06-10 19:56:10,527 - src.app_final_vue - INFO - Application initialization completed successfully
2025-06-10 19:56:10,527 - src.app_final_vue - INFO - Starting application creation
2025-06-10 19:56:10,533 - src.app_final_vue - INFO - Registered API blueprint
2025-06-10 19:56:10,533 - src.app_final_vue - INFO - Application initialized in development mode
2025-06-10 19:56:10,533 - src.app_final_vue - INFO - Configuring CORS with origins: ['http://localhost:5173', 'http://127.0.0.1:5173', 'https://wolf.law.uw.edu']
2025-06-10 19:56:10,539 - src.app_final_vue - INFO - Application initialization completed successfully
2025-06-10 19:56:40,881 - src.app_final_vue - INFO - Endpoint /analyze-document accessed
2025-06-10 19:56:40,881 - src.app_final_vue - INFO - [ANALYZE_DOCUMENT] Received request to /analyze-document
2025-06-10 19:56:40,881 - src.app_final_vue - INFO - [ANALYZE_DOCUMENT] Request method: POST
2025-06-10 19:56:40,881 - src.app_final_vue - INFO - [ANALYZE_DOCUMENT] Content-Type: multipart/form-data; boundary=----WebKitFormBoundaryw2D9TAcdTRUFuCZ0
2025-06-10 19:56:40,881 - src.app_final_vue - INFO - [ANALYZE_DOCUMENT] Headers: {'Host': 'localhost:5000', 'Connection': 'close', 'Content-Length': '213713', 'Sec-Ch-Ua-Platform': '"Windows"', 'User-Agent': 'Mozilla/5.0 (Windows NT 10.0; Win64; x64) AppleWebKit/537.36 (KHTML, like Gecko) Chrome/137.0.0.0 Safari/537.36 Edg/137.0.0.0', 'Accept': 'application/json', 'Sec-Ch-Ua': '"Microsoft Edge";v="137", "Chromium";v="137", "Not/A)Brand";v="24"', 'Content-Type': 'multipart/form-data; boundary=----WebKitFormBoundaryw2D9TAcdTRUFuCZ0', 'X-Api-Key': '443a87912e4f444fb818fca454364d71e4aa9f91', 'Sec-Ch-Ua-Mobile': '?0', 'Origin': 'http://localhost:5173', 'Sec-Fetch-Site': 'same-origin', 'Sec-Fetch-Mode': 'cors', 'Sec-Fetch-Dest': 'empty', 'Referer': 'http://localhost:5173/casestrainer/enhanced-validator?tab=document', 'Accept-Encoding': 'gzip, deflate, br, zstd', 'Accept-Language': 'en-US,en;q=0.9'}
2025-06-10 19:56:40,882 - src.app_final_vue - INFO - [ANALYZE_DOCUMENT] Full URL: http://localhost:5000/casestrainer/api/analyze-document
2025-06-10 19:56:40,882 - src.app_final_vue - INFO - [ANALYZE_DOCUMENT] Path: /casestrainer/api/analyze-document
2025-06-10 19:56:40,884 - src.app_final_vue - INFO - [ANALYZE_DOCUMENT] Form data: {'citation': 'document_analysis', 'extract_citations': 'true', 'validate_citations': 'true', 'options': '{"is_binary":true,"file_type":"application/pdf","file_ext":"pdf","filename":"gov.uscourts.wyd.64014.141.0_1.pdf"}'}
2025-06-10 19:56:40,884 - src.app_final_vue - INFO - [ANALYZE_DOCUMENT] Files: ['file']
2025-06-10 19:56:40,884 - src.app_final_vue - INFO - [ANALYZE_DOCUMENT] File info - filename: gov.uscourts.wyd.64014.141.0_1.pdf, content_type: application/pdf
2025-06-10 19:56:40,885 - src.app_final_vue - INFO - [ANALYZE_DOCUMENT] Parsed form data
2025-06-10 19:56:42,008 - src.app_final_vue - INFO - [ANALYZE_DOCUMENT] Successfully extracted text from file
2025-06-10 19:56:42,009 - src.app_final_vue - INFO - [ANALYZE_DOCUMENT] Document analysis request: {
  "has_file": true,
  "filename": "gov.uscourts.wyd.64014.141.0_1.pdf",
  "file_size": 212964,
  "has_text": true,
  "text_length": 547092,
  "options": {
    "convert_pdf_to_md": true,
    "is_binary": true,
    "file_type": "application/pdf",
    "file_ext": "pdf"
  }
}
2025-06-10 19:56:43,259 - src.app_final_vue - INFO - [ANALYZE_DOCUMENT] Successfully imported enhanced_analyze function
2025-06-10 19:56:49,358 - src.app_final_vue - ERROR - [ANALYZE_DOCUMENT] Error in document analysis: name 'start_time' is not defined
2025-06-10 19:56:49,362 - src.app_final_vue - ERROR - Traceback (most recent call last):
  File "C:\Users\jafrank\OneDrive - UW\Documents\GitHub\CaseStrainer\src\enhanced_validator_production.py", line 311, in enhanced_analyze
    result['processing_time'] = time.time() - start_time
                                              ^^^^^^^^^^
NameError: name 'start_time' is not defined

During handling of the above exception, another exception occurred:

Traceback (most recent call last):
  File "C:\Users\jafrank\OneDrive - UW\Documents\GitHub\CaseStrainer\src\vue_api_endpoints.py", line 1120, in analyze_document
    analysis_result = enhanced_analyze(request_data)
  File "C:\Users\jafrank\OneDrive - UW\Documents\GitHub\CaseStrainer\src\enhanced_validator_production.py", line 352, in enhanced_analyze
    'processing_time': time.time() - start_time
                                     ^^^^^^^^^^
NameError: name 'start_time' is not defined

2025-06-10 19:56:49,362 - src.app_final_vue - ERROR - [ANALYZE_DOCUMENT] Detailed error type: NameError
2025-06-10 19:56:49,363 - src.app_final_vue - ERROR - [ANALYZE_DOCUMENT] Error details: NameError("name 'start_time' is not defined")
